<?xml version="1.0" encoding="UTF-8"?>
<!-- Generated by org.testng.reporters.JUnitXMLReporter -->
<testsuite ignored="3" hostname="MOHAMMAD" failures="0" tests="7" name="Default test" time="168.993" errors="0" timestamp="2025-10-24T23:04:23 EET">
  <testcase classname="Tools.MyData" name="AddRecord" time="0.108"/>
  <testcase classname="Tools.MyData" name="UpdateRecord" time="0.021"/>
  <testcase classname="Tools.MyData" name="ReadData" time="0.234"/>
  <testcase classname="Tools.MyData" name="DeleteRecord" time="0.03"/>
  <testcase classname="Tools.TestScripts" name="LoginTest" time="4.014"/>
  <testcase classname="Tools.TestScripts" name="AddTools" time="153.636"/>
  <testcase classname="Tools.TestScripts" name="checkoutTest" time="5.713"/>
  <testcase classname="Tools.TestScripts" name="LoginTestAfterChangePassword" time="0.0">
    <ignored/>
  </testcase> <!-- LoginTestAfterChangePassword -->
  <testcase classname="Tools.TestScripts" name="SignUpTest" time="0.0">
    <ignored/>
  </testcase> <!-- SignUpTest -->
  <testcase classname="Tools.TestScripts" name="setNewPassword" time="0.0">
    <ignored/>
  </testcase> <!-- setNewPassword -->
</testsuite> <!-- Default test -->
