<?xml version="1.0" encoding="UTF-8"?>
<!-- Generated by org.testng.reporters.JUnitXMLReporter -->
<testsuite ignored="2" hostname="MOHAMMAD" failures="0" tests="6" name="Default test" time="39.528" errors="0" timestamp="2025-10-22T22:12:30 EET">
  <testcase classname="Tools.MyData" name="AddRecord" time="0.033"/>
  <testcase classname="Tools.MyData" name="UpdateRecord" time="0.013"/>
  <testcase classname="Tools.MyData" name="ReadData" time="0.101"/>
  <testcase classname="Tools.MyData" name="DeleteRecord" time="0.009"/>
  <testcase classname="Tools.TestScripts" name="LoginTestAfterChangePassword" time="5.952"/>
  <testcase classname="Tools.TestScripts" name="AddHandTools" time="30.953"/>
  <testcase classname="Tools.TestScripts" name="SignUpTest" time="0.0">
    <ignored/>
  </testcase> <!-- SignUpTest -->
  <testcase classname="Tools.TestScripts" name="setNewPassword" time="0.0">
    <ignored/>
  </testcase> <!-- setNewPassword -->
</testsuite> <!-- Default test -->
