<?xml version="1.0" encoding="UTF-8"?>
<testng-results ignored="3" total="10" passed="7" failed="0" skipped="0">
  <reporter-output>
  </reporter-output>
  <suite started-at="2025-10-24T23:01:34 EET" name="Default suite" finished-at="2025-10-24T23:04:23 EET" duration-ms="168993">
    <groups>
    </groups>
    <test started-at="2025-10-24T23:01:34 EET" name="Default test" finished-at="2025-10-24T23:04:23 EET" duration-ms="168993">
      <class name="Tools.TestScripts">
        <test-method is-config="true" signature="SetUp()[pri:0, instance:Tools.TestScripts@4c550889]" started-at="2025-10-24T23:01:34 EET" name="SetUp" finished-at="2025-10-24T23:01:39 EET" duration-ms="4961" status="PASS">
          <reporter-output>
          </reporter-output>
        </test-method> <!-- SetUp -->
        <test-method signature="AddRecord()[pri:1, instance:Tools.TestScripts@4c550889]" started-at="2025-10-24T23:01:39 EET" name="AddRecord" finished-at="2025-10-24T23:01:39 EET" duration-ms="108" status="PASS">
          <reporter-output>
          </reporter-output>
        </test-method> <!-- AddRecord -->
        <test-method signature="UpdateRecord()[pri:2, instance:Tools.TestScripts@4c550889]" started-at="2025-10-24T23:01:39 EET" name="UpdateRecord" finished-at="2025-10-24T23:01:39 EET" duration-ms="21" status="PASS">
          <reporter-output>
          </reporter-output>
        </test-method> <!-- UpdateRecord -->
        <test-method signature="ReadData()[pri:3, instance:Tools.TestScripts@4c550889]" started-at="2025-10-24T23:01:39 EET" name="ReadData" finished-at="2025-10-24T23:01:39 EET" duration-ms="234" status="PASS">
          <reporter-output>
          </reporter-output>
        </test-method> <!-- ReadData -->
        <test-method signature="DeleteRecord()[pri:4, instance:Tools.TestScripts@4c550889]" started-at="2025-10-24T23:01:39 EET" name="DeleteRecord" finished-at="2025-10-24T23:01:39 EET" duration-ms="30" status="PASS">
          <reporter-output>
          </reporter-output>
        </test-method> <!-- DeleteRecord -->
        <test-method signature="LoginTest()[pri:6, instance:Tools.TestScripts@4c550889]" started-at="2025-10-24T23:01:39 EET" name="LoginTest" finished-at="2025-10-24T23:01:43 EET" duration-ms="4014" status="PASS">
          <reporter-output>
          </reporter-output>
        </test-method> <!-- LoginTest -->
        <test-method signature="AddTools()[pri:9, instance:Tools.TestScripts@4c550889]" started-at="2025-10-24T23:01:43 EET" name="AddTools" finished-at="2025-10-24T23:04:17 EET" duration-ms="153636" status="PASS">
          <reporter-output>
          </reporter-output>
        </test-method> <!-- AddTools -->
        <test-method signature="checkoutTest()[pri:10, instance:Tools.TestScripts@4c550889]" started-at="2025-10-24T23:04:17 EET" name="checkoutTest" finished-at="2025-10-24T23:04:23 EET" duration-ms="5713" status="PASS">
          <reporter-output>
          </reporter-output>
        </test-method> <!-- checkoutTest -->
      </class> <!-- Tools.TestScripts -->
    </test> <!-- Default test -->
  </suite> <!-- Default suite -->
</testng-results>
